<?xml version="1.0" encoding="UTF-8"?>
<!-- Generated by org.testng.reporters.JUnitReportReporter -->
<testsuite hostname="sukumar123" name="selgrid.Node3" tests="1" failures="0" timestamp="24 Nov 2020 17:23:39 GMT" time="21.364" errors="0">
  <testcase name="method3" time="21.364" classname="selgrid.Node3"/>
</testsuite> <!-- selgrid.Node3 -->
