<?xml version="1.0" encoding="UTF-8"?>
<!-- Generated by org.testng.reporters.JUnitReportReporter -->
<testsuite hostname="sukumar123" name="selgrid.Node2" tests="1" failures="0" timestamp="24 Nov 2020 17:23:39 GMT" time="18.302" errors="0">
  <testcase name="method2" time="18.302" classname="selgrid.Node2"/>
</testsuite> <!-- selgrid.Node2 -->
