<?xml version="1.0" encoding="UTF-8"?>
<!-- Generated by org.testng.reporters.JUnitReportReporter -->
<testsuite hostname="sukumar123" name="selgrid.AllNodes" tests="3" failures="0" timestamp="24 Nov 2020 17:51:52 GMT" time="81.550" errors="0">
  <testcase name="method" time="26.684" classname="selgrid.AllNodes"/>
  <testcase name="method" time="27.636" classname="selgrid.AllNodes"/>
  <testcase name="method" time="27.230" classname="selgrid.AllNodes"/>
</testsuite> <!-- selgrid.AllNodes -->
