<?xml version="1.0" encoding="UTF-8"?>
<!-- Generated by org.testng.reporters.JUnitReportReporter -->
<testsuite hostname="sukumar123" name="selgrid.Node1" tests="1" failures="0" timestamp="24 Nov 2020 17:23:39 GMT" time="19.436" errors="0">
  <testcase name="method1" time="19.436" classname="selgrid.Node1"/>
</testsuite> <!-- selgrid.Node1 -->
